Determining if the pthread_create exist failed with the following output:
Change Dir: /home/scherma/engsoft/warehousebot_final/CPPremoteAPI/build/CMakeFiles/CMakeTmp

Run Build Command:/usr/bin/make "cmTryCompileExec3025385864/fast"
/usr/bin/make -f CMakeFiles/cmTryCompileExec3025385864.dir/build.make CMakeFiles/cmTryCompileExec3025385864.dir/build
make[1]: Entrando no diretório `/home/scherma/engsoft/warehousebot_final/CPPremoteAPI/build/CMakeFiles/CMakeTmp'
/usr/bin/cmake -E cmake_progress_report /home/scherma/engsoft/warehousebot_final/CPPremoteAPI/build/CMakeFiles/CMakeTmp/CMakeFiles 1
Building C object CMakeFiles/cmTryCompileExec3025385864.dir/CheckSymbolExists.c.o
/usr/bin/cc    -o CMakeFiles/cmTryCompileExec3025385864.dir/CheckSymbolExists.c.o   -c /home/scherma/engsoft/warehousebot_final/CPPremoteAPI/build/CMakeFiles/CMakeTmp/CheckSymbolExists.c
Linking C executable cmTryCompileExec3025385864
/usr/bin/cmake -E cmake_link_script CMakeFiles/cmTryCompileExec3025385864.dir/link.txt --verbose=1
/usr/bin/cc       CMakeFiles/cmTryCompileExec3025385864.dir/CheckSymbolExists.c.o  -o cmTryCompileExec3025385864 -rdynamic 
CMakeFiles/cmTryCompileExec3025385864.dir/CheckSymbolExists.c.o: na função `main':
CheckSymbolExists.c:(.text+0x16): referência indefinida para `pthread_create'
collect2: error: ld returned 1 exit status
make[1]: ** [cmTryCompileExec3025385864] Erro 1
make[1]: Saindo do diretório `/home/scherma/engsoft/warehousebot_final/CPPremoteAPI/build/CMakeFiles/CMakeTmp'
make: ** [cmTryCompileExec3025385864/fast] Erro 2

File /home/scherma/engsoft/warehousebot_final/CPPremoteAPI/build/CMakeFiles/CMakeTmp/CheckSymbolExists.c:
/* */
#include <pthread.h>

int main(int argc, char** argv)
{
  (void)argv;
#ifndef pthread_create
  return ((int*)(&pthread_create))[argc];
#else
  (void)argc;
  return 0;
#endif
}

Determining if the function pthread_create exists in the pthreads failed with the following output:
Change Dir: /home/scherma/engsoft/warehousebot_final/CPPremoteAPI/build/CMakeFiles/CMakeTmp

Run Build Command:/usr/bin/make "cmTryCompileExec459596863/fast"
/usr/bin/make -f CMakeFiles/cmTryCompileExec459596863.dir/build.make CMakeFiles/cmTryCompileExec459596863.dir/build
make[1]: Entrando no diretório `/home/scherma/engsoft/warehousebot_final/CPPremoteAPI/build/CMakeFiles/CMakeTmp'
/usr/bin/cmake -E cmake_progress_report /home/scherma/engsoft/warehousebot_final/CPPremoteAPI/build/CMakeFiles/CMakeTmp/CMakeFiles 1
Building C object CMakeFiles/cmTryCompileExec459596863.dir/CheckFunctionExists.c.o
/usr/bin/cc   -DCHECK_FUNCTION_EXISTS=pthread_create   -o CMakeFiles/cmTryCompileExec459596863.dir/CheckFunctionExists.c.o   -c /usr/share/cmake-2.8/Modules/CheckFunctionExists.c
Linking C executable cmTryCompileExec459596863
/usr/bin/cmake -E cmake_link_script CMakeFiles/cmTryCompileExec459596863.dir/link.txt --verbose=1
/usr/bin/cc   -DCHECK_FUNCTION_EXISTS=pthread_create    CMakeFiles/cmTryCompileExec459596863.dir/CheckFunctionExists.c.o  -o cmTryCompileExec459596863 -rdynamic -lpthreads 
/usr/bin/ld: não foi possível encontrar -lpthreads
collect2: error: ld returned 1 exit status
make[1]: ** [cmTryCompileExec459596863] Erro 1
make[1]: Saindo do diretório `/home/scherma/engsoft/warehousebot_final/CPPremoteAPI/build/CMakeFiles/CMakeTmp'
make: ** [cmTryCompileExec459596863/fast] Erro 2


